<?xml version="1.0" encoding="utf-8"?><testsuites name="pytest tests"><testsuite name="pytest" errors="0" failures="0" skipped="0" tests="21" time="7.351" timestamp="2026-03-10T14:25:08.006092+00:00" hostname="agent-env-0cf34a78-0844-4c0f-8c0a-4661e5cd7dec"><testcase classname="backend.tests.test_sanitary_control.TestHealthCheck" name="test_health_endpoint" time="0.176" /><testcase classname="backend.tests.test_sanitary_control.TestAuthentication" name="test_login_success_admin" time="0.409" /><testcase classname="backend.tests.test_sanitary_control.TestAuthentication" name="test_login_invalid_credentials" time="0.118" /><testcase classname="backend.tests.test_sanitary_control.TestAuthentication" name="test_get_me_authenticated" time="0.530" /><testcase classname="backend.tests.test_sanitary_control.TestAuthentication" name="test_get_me_no_token" time="0.138" /><testcase classname="backend.tests.test_sanitary_control.TestBlocksAPI" name="test_get_block_info" time="0.199" /><testcase classname="backend.tests.test_sanitary_control.TestBlocksAPI" name="test_get_all_floors_blocks" time="0.351" /><testcase classname="backend.tests.test_sanitary_control.TestBlocksAPI" name="test_get_nonexistent_block" time="0.169" /><testcase classname="backend.tests.test_sanitary_control.TestInspectionsAPI" name="test_create_inspection_single_room" time="0.490" /><testcase classname="backend.tests.test_sanitary_control.TestInspectionsAPI" name="test_create_inspection_all_room_types" time="0.681" /><testcase classname="backend.tests.test_sanitary_control.TestInspectionsAPI" name="test_create_inspection_rating_boundaries" time="0.606" /><testcase classname="backend.tests.test_sanitary_control.TestInspectionsAPI" name="test_get_inspections_with_date_filter" time="0.479" /><testcase classname="backend.tests.test_sanitary_control.TestInspectionsAPI" name="test_get_inspections_by_floor" time="0.473" /><testcase classname="backend.tests.test_sanitary_control.TestInspectionsAPI" name="test_get_inspections_by_block" time="0.479" /><testcase classname="backend.tests.test_sanitary_control.TestInspectionsAPI" name="test_create_inspection_without_auth" time="0.457" /><testcase classname="backend.tests.test_sanitary_control.TestResidentsAPI" name="test_get_residents_by_floor" time="0.113" /><testcase classname="backend.tests.test_sanitary_control.TestResidentsAPI" name="test_get_residents_by_block" time="0.117" /><testcase classname="backend.tests.test_sanitary_control.TestResidentsAPI" name="test_search_residents" time="0.108" /><testcase classname="backend.tests.test_sanitary_control.TestAdminEndpoints" name="test_get_all_users" time="0.493" /><testcase classname="backend.tests.test_sanitary_control.TestAdminEndpoints" name="test_get_users_without_admin" time="0.446" /><testcase classname="backend.tests.test_sanitary_control.TestTransportAPI" name="test_get_transport_schedule" time="0.122" /></testsuite></testsuites>